RK                   TM                                                 TOTAL_POINTS
-------------------- -------------------------------------------------- ------------
1                    Tennessee Titans                                   167
2                    Washington Commanders                              158
3                    Atlanta Falcons                                    151
4                    Indianapolis Colts                                 147
5                    New York Jets                                      133
6                    Cincinnati Bengals                                 132
7                    Denver Broncos                                     131
8                    Seattle Seahawks                                   130
9                    Arizona Cardinals                                  129
10                   Minnesota Vikings                                  128
11                   New England Patriots                               124
12                   Pittsburgh Steelers                                120
13                   Carolina Panthers                                  120
14                   Green Bay Packers                                  120
15                   New Orleans Saints                                 119
16                   Los Angeles Rams                                   119
17                   New York Giants                                    117
18                   Houston Texans                                     117
19                   Detroit Lions                                      117
20                   Los Angeles Chargers                               116
21                   Baltimore Ravens                                   114
22                   Philadelphia Eagles                                114
23                   Tampa Bay Buccaneers                               113
24                   San Francisco 49ers                                110
25                   Chicago Bears                                      109
26                   Las Vegas Raiders                                  109
27                   Jacksonville Jaguars                               105
28                   Buffalo Bills                                      103
29                   Miami Dolphins                                     99
30                   Dallas Cowboys                                     97
31                   Kansas City Chiefs                                 94
32                   Cleveland Browns                                   92

(32 rows affected)


Completion time: 2024-07-09T19:39:25.4431585-05:00
