PLAYER                                             TM                                                 FANTPOS                                            POSRANK
-------------------------------------------------- -------------------------------------------------- -------------------------------------------------- -----------
Josh Allen                                         BUF                                                QB                                                 1
Jalen Hurts                                        PHI                                                QB                                                 2
Dak Prescott                                       DAL                                                QB                                                 3
Lamar Jackson                                      BAL                                                QB                                                 4
Jordan Love                                        GNB                                                QB                                                 5
Brock Purdy                                        SFO                                                QB                                                 6
Jared Goff                                         DET                                                QB                                                 7
Patrick Mahomes                                    KAN                                                QB                                                 8
C.J. Stroud                                        HOU                                                QB                                                 9
Baker Mayfield                                     TAM                                                QB                                                 10
Christian McCaffrey                                SFO                                                RB                                                 1
Raheem Mostert                                     MIA                                                RB                                                 2
Travis Etienne                                     JAX                                                RB                                                 3
Kyren Williams                                     LAR                                                RB                                                 4
Derrick Henry                                      TEN                                                RB                                                 5
Joe Mixon                                          CIN                                                RB                                                 6
Breece Hall                                        NYJ                                                RB                                                 7
Rachaad White                                      TAM                                                RB                                                 8
David Montgomery                                   DET                                                RB                                                 9
Jahmyr Gibbs                                       DET                                                RB                                                 10
Sam LaPorta                                        DET                                                TE                                                 1
George Kittle                                      SFO                                                TE                                                 2
Travis Kelce                                       KAN                                                TE                                                 3
T.J. Hockenson                                     MIN                                                TE                                                 4
David Njoku                                        CLE                                                TE                                                 5
Evan Engram                                        JAX                                                TE                                                 6
Taysom Hill                                        NOR                                                TE                                                 7
Cole Kmet                                          CHI                                                TE                                                 8
Jake Ferguson                                      DAL                                                TE                                                 9
Trey McBride                                       ARI                                                TE                                                 10
CeeDee Lamb                                        DAL                                                WR                                                 1
Tyreek Hill                                        MIA                                                WR                                                 2
Amon-Ra St. Brown                                  DET                                                WR                                                 3
Mike Evans                                         TAM                                                WR                                                 4
Puka Nacua                                         LAR                                                WR                                                 5
D.J. Moore                                         CHI                                                WR                                                 6
Deebo Samuel                                       SFO                                                WR                                                 7
A.J. Brown                                         PHI                                                WR                                                 8
Nico Collins                                       HOU                                                WR                                                 9
Brandon Aiyuk                                      SFO                                                WR                                                 10

(40 rows affected)


Completion time: 2024-07-09T19:39:03.2415530-05:00
